0 11 61202
0 479 655982
7 61 181055
7 678 11760
13 283 68480
13 358 102720
13 715 159360
14 445 802735
14 608 528652
15 123 278460
15 293 181116
17 360 115818
17 976 60334
21 201 17446
21 745 468456
22 112 281700
22 788 94839
25 453 10890
26 66 606648
27 901 314853
28 327 428739
28 842 125123
28 934 10081
31 219 173720
31 691 57405
33 181 89095
33 628 49305
33 630 12975
33 701 575607
35 95 40256
35 485 116416
38 561 137851
38 874 273728
39 23 188468
39 949 270830
41 550 119543
41 841 83812
41 889 76812
43 132 398535
43 297 64746
45 385 28587
45 453 42515
46 350 238368
48 93 314631
48 402 216181
48 820 487809
48 969 421771
50 572 310270
52 910 106080
52 941 115648
53 283 49648
53 358 74472
53 715 115536
54 641 505917
57 283 347508
57 716 362943
58 544 367305
58 621 520290
58 877 749573
62 879 69966
63 22 34626
63 174 465450
63 566 25317
68 107 19680
68 196 128166
68 466 69142
68 488 17919
71 88 140085
71 807 88176
71 966 146256
72 428 163840
72 430 29172
75 224 128438
75 449 271099
78 28 9860
78 101 32096
78 306 166080
78 465 2244
78 666 120408
78 750 12206
78 825 185520
79 720 284614
83 278 261232
83 652 225200
83 714 374958
83 926 472920
84 978 5160
87 208 260050
88 166 126939
88 663 40986
91 560 49300
92 269 15360
94 138 153846
94 766 376110
96 810 35689
97 329 466074
101 140 5610
101 156 113730
103 118 138533
103 231 95149
103 994 60357
104 192 7250
104 250 9300
104 258 5620
105 589 711402
105 636 3770
106 831 348600
108 226 398684
108 497 646425
108 963 211970
111 19 95178
111 303 170208
111 940 164604
116 94 192818
116 482 797880
116 710 631328
117 321 308296
117 414 322458
117 951 422232
119 135 134532
119 383 63630
120 196 101623
120 316 128908
120 413 57682
121 438 231744
121 509 62424
123 545 278943
124 976 484185
125 421 462889
125 575 546371
125 628 155127
126 96 319475
127 978 115920
128 520 224660
129 248 98252
129 414 314244
129 490 121155
131 133 397476
131 698 180268
131 963 78540
132 807 641502
133 302 482776
133 402 408216
133 974 808976
135 174 512530
136 337 373245
136 496 198915
136 983 59094
136 989 717948
139 219 338552
139 691 111873
143 78 679668
143 172 329265
143 690 536095
154 157 6138
157 673 890674
159 428 253696
162 973 546178
166 188 133120
166 579 58624
167 69 106430
167 837 27148
171 226 23832
171 348 147552
171 470 470682
172 376 641177
174 37 183300
174 460 272130
175 360 571926
175 976 297938
176 208 317034
176 676 64638
176 761 5710
178 36 2280
178 88 533168
178 365 480
178 522 138725
178 686 2958
178 808 2448
179 370 749210
179 385 252560
179 647 244090
184 542 222769
184 747 402116
184 838 38480
190 74 45582
190 107 128186
192 388 621250
197 406 548868
198 84 338912
198 211 451052
198 484 558831
198 870 238609
199 24 285496
199 337 19135
199 339 73692
199 802 234916
200 763 710094
200 860 63720
202 663 77694
204 395 127360
204 536 20604
209 373 12342
209 705 16371
211 938 125451
212 492 194469
212 727 492107
212 734 279645
212 789 94019
212 990 184426
213 80 390222
213 257 28410
213 799 451347
213 882 27150
215 95 14825
215 818 95555
216 701 341441
217 102 18414
225 11 13277
225 479 142307
227 135 414918
227 383 196245
229 712 15150
231 540 65570
234 29 267410
234 231 426033
234 700 79515
234 738 110942
234 745 137812
236 367 90288
236 976 215448
239 222 610400
241 546 144828
247 208 457320
247 676 93240
250 826 72145
253 574 18018
259 983 436892
261 193 60984
261 960 434535
265 523 188328
265 811 247912
265 985 111188
267 272 272285
267 294 745524
267 785 194818
267 942 130390
268 216 16768
270 960 175778
272 890 76432
274 65 542716
274 278 308560
274 361 450076
274 652 266000
274 714 442890
274 926 558600
278 234 58860
278 350 88452
279 28 521729
279 253 402528
283 413 61758
289 366 106704
289 848 211280
292 210 134810
292 370 926296
292 385 312256
292 572 639951
292 647 301784
292 651 269244
292 770 475335
292 844 309132
294 166 112398
295 666 37264
296 389 603330
296 393 52377
296 754 403161
300 16 56573
300 95 126309
300 909 37037
301 28 231710
301 101 754256
301 465 52734
301 750 286841
307 257 799268
307 882 763820
308 43 4221
308 367 7119
312 388 13260
312 534 28084
313 504 76224
313 514 419475
313 914 18624
315 565 132300
315 756 406896
316 239 569058
316 352 554064
316 391 325584
316 466 184506
316 488 47817
316 887 347004
317 162 35340
317 405 7192
319 69 65250
321 287 67266
323 344 443507
325 46 241800
325 427 50964
328 635 34860
328 660 38844
329 398 113796
330 241 78432
332 745 533778
332 832 429454
334 876 53460
336 95 7548
336 485 21828
336 705 895832
338 335 186480
340 30 381570
340 648 550630
342 522 4475
345 148 357948
345 238 196578
345 419 124747
346 270 289170
346 327 275859
347 952 19021
348 101 97071
348 640 6175
349 249 192939
349 700 29127
349 734 204327
349 832 126801
350 944 317724
351 974 278040
355 973 359492
361 61 26500
361 72 388892
361 198 600950
361 352 508991
362 355 206858
364 48 137974
364 583 869514
365 19 449087
365 940 776666
367 84 348704
367 162 308140
367 211 464084
367 484 574977
367 870 245503
367 983 181660
368 249 3524
368 523 400464
368 700 532
368 734 3732
368 832 2316
369 763 645540
370 28 444210
370 253 342720
372 644 418573
373 361 174276
375 61 483890
375 930 499626
376 656 250776
378 481 131400
378 999 228150
379 225 414276
380 215 94248
380 441 123046
384 942 86284
392 329 803916
394 413 212430
398 232 44428
399 838 37772
399 906 59356
400 666 478333
400 960 402129
406 227 253536
408 162 543210
408 405 110548
412 528 161028
412 987 163296
414 419 137669
417 196 565993
417 413 321262
419 129 170945
419 540 166000
419 578 98174
421 116 43330
423 212 75194
423 812 48863
426 283 93518
426 358 140277
426 715 217626
430 102 519915
430 158 193170
430 415 19865
430 441 640475
432 651 11178
432 844 12834
434 772 217440
437 769 89994
437 911 235002
440 666 310426
441 226 144
441 470 2844
442 558 233792
442 562 179559
442 631 44398
451 480 16910
451 942 179256
451 989 147246
452 283 183398
452 358 275097
452 715 426786
454 574 68716
455 961 437202
457 983 27470
457 989 333740
458 983 859444
459 23 344424
459 430 82302
459 774 51876
459 857 11484
459 949 494940
460 287 172306
461 561 6285
461 874 12480
463 172 908193
464 249 42390
468 248 428736
468 493 397485
468 856 390456
473 133 332925
475 37 238140
475 166 253485
476 327 140262
476 842 40934
476 934 3298
479 98 126248
479 698 157443
479 774 4037
481 383 309448
482 206 690886
482 589 29430
489 572 308850
490 226 732836
490 761 3900
490 963 389630
494 306 264600
494 795 13720
494 833 605640
496 325 487872
496 388 561750
499 187 140264
499 808 341598
501 167 6118
503 92 55500
503 310 124800
504 531 521014
504 962 205842
505 811 267244
505 832 503435
510 550 69791
510 889 44844
512 156 116415
517 313 246564
517 408 660548
517 747 337123
517 957 483996
518 366 347139
518 848 687355
520 706 155978
521 234 443085
521 350 665847
524 506 151845
531 327 376683
531 842 109931
531 934 8857
532 74 494095
535 384 91868
535 757 339680
535 887 263252
536 61 138663
536 200 395409
536 655 856224
538 253 201331
538 376 570654
538 698 116320
538 894 192270
539 0 144990
539 100 26448
539 200 14500
539 228 100920
539 466 30178
539 488 7821
539 784 157140
540 448 892638
540 992 863550
541 253 673229
541 350 317904
541 894 642930
543 69 213850
543 353 196413
545 25 178416
545 536 339840
545 761 434358
551 208 95172
551 676 19404
554 48 787422
557 968 267120
558 170 665758
558 706 651420
559 837 360774
561 522 62370
562 745 249948
563 663 33258
564 346 901538
565 284 151200
565 764 171498
566 716 588392
567 373 77198
567 705 102399
569 166 192570
572 507 367026
575 269 16576
576 414 427990
576 632 236220
576 826 93345
576 924 97155
580 438 151088
580 509 40698
580 664 878204
583 162 21583
583 410 69156
585 7 451584
585 61 308990
585 448 100352
585 835 400384
586 124 24503
586 138 73602
586 566 34882
587 899 129744
589 440 446325
589 472 73700
589 660 215318
591 219 52277
591 495 633323
591 777 20568
596 772 50160
598 644 712215
599 430 1100798
599 877 554688
600 22 738540
600 136 468488
600 420 57024
603 0 725845
603 784 786670
604 11 55380
604 29 42350
604 479 593580
604 608 44287
604 738 17570
604 967 65191
605 532 270435
606 514 51920
607 24 103124
607 802 84854
609 601 29070
609 768 27240
612 321 128860
612 877 816222
613 811 184316
613 832 347215
617 835 108409
618 184 201280
618 265 255024
618 340 264180
622 30 463504
623 430 332384
628 30 675616
628 212 187254
628 329 60828
628 542 48470
628 722 197760
628 760 16377
628 995 245964
629 793 4032
630 477 11322
631 641 829771
634 331 78642
637 255 412182
637 726 319688
639 641 763490
640 451 209051
640 555 20591
641 595 490212
641 813 15912
643 172 290394
643 720 637718
643 847 83468
646 422 336960
649 876 475470
653 253 53749
653 613 136680
653 894 51330
656 951 152100
662 30 150047
662 219 130071
662 508 77861
662 789 100788
663 514 774795
664 28 542210
664 58 225720
664 86 142164
664 198 844900
665 28 62568
665 784 43488
666 59 297542
666 320 116865
670 550 220429
670 889 141636
671 140 4939
671 156 100127
672 373 160458
673 88 706164
673 113 104272
677 974 207760
678 96 716872
678 242 117520
680 24 406306
680 318 122204
681 306 36432
682 383 452650
682 904 430032
683 314 157360
683 792 462000
683 890 471520
684 641 823059
685 181 395514
685 879 127075
686 25 278880
686 536 531200
686 761 678940
688 291 768664
688 876 452790
689 231 386331
689 348 349206
689 700 72105
690 391 412828
690 436 272728
690 550 668197
690 889 429348
691 754 99999
692 58 267025
692 111 88578
694 807 490232
699 216 382785
701 200 260148
701 414 11376
701 655 563328
701 813 33648
702 698 154851
703 222 368000
703 803 67137
706 29 374465
708 140 3718
708 156 75374
709 77 160857
709 196 465003
709 408 337635
709 520 282735
709 991 118035
710 391 213044
710 436 140744
711 7 16758
711 448 3724
711 764 224826
711 835 14858
712 100 162792
712 200 89250
712 228 621180
712 453 478992
713 493 274725
713 807 237474
713 966 393894
719 210 98770
719 572 468867
719 680 288176
719 826 181185
719 926 201856
720 219 3172
720 495 38428
720 777 1248
722 807 356076
728 385 26130
730 567 3708
730 841 33764
732 803 108559
733 477 412086
733 546 269361
733 904 516405
737 45 247352
737 452 610177
737 765 288998
737 806 375360
737 814 158381
741 36 295344
743 715 507318
744 45 54488
744 452 134413
744 507 133736
744 765 63662
744 814 34889
746 253 380550
746 656 26574
746 810 180170
747 542 182352
748 111 14607
748 613 236130
748 658 79838
749 74 556507
750 162 7952
750 803 3058
750 983 4688
751 690 553350
752 28 184688
752 235 296072
752 590 30464
753 21 330369
753 553 390741
758 20 168848
758 705 604116
758 740 611728
760 504 276709
760 914 67609
763 198 125800
765 994 209374
773 57 163116
773 491 311014
773 793 3248
775 802 53694
776 203 94250
776 644 147875
778 77 49032
780 226 50388
780 963 26790
781 361 57288
781 368 74052
785 29 94185
785 757 828100
785 864 10140
786 633 105432
793 253 347805
793 810 164667
794 47 215865
796 680 284704
796 926 199424
798 818 73225
799 507 577080
801 826 590920
802 361 423584
802 368 547536
804 333 65326
804 588 141295
804 745 242220
804 883 57252
811 102 483538
811 904 148938
815 100 23033
815 627 549820
816 145 90896
816 729 131157
818 567 54796
820 242 34689
820 630 148454
820 806 126684
821 0 710630
821 784 770180
822 350 66588
823 337 82990
823 339 319608
825 102 253506
825 158 94188
825 296 226151
825 415 9686
825 441 312290
825 954 49848
826 961 798327
829 35 278250
829 435 79765
830 249 567364
830 700 85652
830 734 600852
830 832 372876
831 477 674900
831 546 441150
831 904 845750
832 219 9455
832 316 368988
832 495 114545
832 498 222906
832 664 533694
832 777 3720
833 156 50505
834 613 394230
837 43 191352
837 367 322728
839 107 15760
839 196 102637
840 241 33744
840 560 78736
842 475 58029
842 959 5046
843 141 23042
845 9 230328
845 227 127512
845 331 40320
845 568 26634
847 162 231602
847 983 136538
849 148 74664
849 238 41004
849 571 50668
850 352 244288
850 425 125267
850 799 678020
851 316 64380
851 359 108204
851 364 191835
852 28 51389
852 253 39648
855 61 343635
855 678 22320
861 227 104880
861 355 125400
861 551 3600
861 857 99750
861 894 26880
862 184 219633
862 376 537
862 507 288234
862 683 68736
863 196 670981
863 413 380854
863 663 118542
865 284 243264
865 944 373868
869 908 54615
870 398 84912
872 46 585650
872 427 123437
873 202 38822
878 745 89460
879 232 41724
879 373 29524
880 265 58828
881 102 388455
882 37 402555
882 306 224640
882 666 162864
883 111 17577
883 698 494360
886 388 112125
886 534 237475
886 799 111890
890 226 1944
890 457 266866
890 470 38394
891 61 398030
891 757 724220
891 864 8868
894 697 35084
894 982 43463
895 991 232686
896 231 261626
896 362 288672
896 700 48830
897 536 43996
899 523 443312
900 17 281124
900 479 86130
900 522 62910
903 25 188496
903 536 359040
903 761 458898
905 37 673182
905 415 57174
905 919 707154
905 935 5704
905 952 507792
906 253 581218
906 894 555060
907 303 120312
910 430 530400
911 878 489636
912 89 608292
912 688 140439
912 798 274022
912 804 46536
913 227 142416
913 355 170280
913 857 135450
913 976 92496
914 756 34138
918 420 69876
919 908 94215
920 492 259250
921 422 277290
924 24 44196
924 802 36366
927 61 232686
930 37 38213
930 232 27825
930 968 77840
932 188 368160
932 579 162132
933 420 13392
936 601 231420
937 37 49140
938 635 27860
938 660 31044
941 36 594320
941 171 151869
941 203 82360
941 294 24921
941 365 125120
941 629 52185
941 644 129220
941 686 771052
941 808 638112
942 277 444864
943 568 133446
954 337 52875
954 651 295875
954 930 269446
960 362 222208
962 226 417822
962 253 76692
962 585 63246
964 193 16764
966 111 160062
966 360 24960
969 472 57600
969 542 3144
970 364 441735
971 174 134285
972 451 503759
972 555 49619
974 88 143055
975 747 470668
975 838 45040
980 344 418606
980 807 510746
983 754 2583
985 999 269568
986 491 245421
986 520 189648
987 831 12250
988 793 182
990 325 392616
991 414 460926
991 547 333558
991 687 403942
993 485 121688
993 493 99000
994 935 9476
995 190 52624
995 202 247676
996 542 261981
996 545 254448

Time taken 0.139945
